#0 building with "default" instance using docker driver

#1 [internal] load build definition from DOCKERFILE
#1 transferring dockerfile: 1.40kB done
#1 DONE 0.0s

#2 [internal] load metadata for docker.io/library/node:20-alpine
#2 DONE 0.9s

#3 [internal] load .dockerignore
#3 transferring context: 2B done
#3 DONE 0.0s

#4 [base 1/1] FROM docker.io/library/node:20-alpine@sha256:fb4cd12c85ee03686f6af5362a0b0d56d50c58a04632e6c0fb8363f609372293
#4 resolve docker.io/library/node:20-alpine@sha256:fb4cd12c85ee03686f6af5362a0b0d56d50c58a04632e6c0fb8363f609372293 0.0s done
#4 DONE 0.0s

#5 [deps 1/3] WORKDIR /app
#5 CACHED

#6 [internal] load build context
#6 ...

#7 [runner 2/5] RUN addgroup --system --gid 1001 nodejs &&     adduser  --system --uid 1001 nextjs
#7 DONE 0.2s

#6 [internal] load build context
#6 transferring context: 3.48MB 0.8s done
#6 DONE 0.9s

#8 [deps 2/3] COPY package.json package-lock.json ./
#8 DONE 0.0s

#9 [deps 3/3] RUN npm ci
#9 2.591 npm warn deprecated node-domexception@1.0.0: Use your platform's native DOMException instead
#9 17.22 
#9 17.22 added 648 packages, and audited 649 packages in 17s
#9 17.22 
#9 17.22 240 packages are looking for funding
#9 17.22   run `npm fund` for details
#9 17.27 
#9 17.27 2 moderate severity vulnerabilities
#9 17.27 
#9 17.27 To address all issues (including breaking changes), run:
#9 17.27   npm audit fix --force
#9 17.27 
#9 17.27 Run `npm audit` for details.
#9 17.27 npm notice
#9 17.27 npm notice New major version of npm available! 10.8.2 -> 11.17.0
#9 17.27 npm notice Changelog: https://github.com/npm/cli/releases/tag/v11.17.0
#9 17.27 npm notice To update run: npm install -g npm@11.17.0
#9 17.27 npm notice
#9 DONE 17.8s

#10 [builder 2/4] COPY --from=deps /app/node_modules ./node_modules
